<?xml version="1.0" encoding="UTF-8"?>
<!-- Generated by org.testng.reporters.JUnitReportReporter -->
<testsuite hostname="DESKTOP-OGHU37M" name="bdd.runners.RunnerClass" tests="1" failures="0" timestamp="23 Feb 2020 20:36:22 GMT" time="16.525" errors="0">
  <testcase name="feature" time="16.525" classname="bdd.runners.RunnerClass"/>
</testsuite> <!-- bdd.runners.RunnerClass -->
